[github.com/flipped-aurora/gin-vue-admin/server]2025-05-20 14:10:17.427	[34minfo[0m	D:/vue/vite/gva/gin-vue-admin/server/initialize/gorm.go:84	register table success
[github.com/flipped-aurora/gin-vue-admin/server]2025-05-20 14:10:17.429	[34minfo[0m	D:/vue/vite/gva/gin-vue-admin/server/initialize/router.go:63	register swagger handler
[github.com/flipped-aurora/gin-vue-admin/server]2025-05-20 14:10:17.440	[34minfo[0m	D:/vue/vite/gva/gin-vue-admin/server/initialize/router.go:116	router register success
[github.com/flipped-aurora/gin-vue-admin/server]2025-05-20 14:10:17.441	[34minfo[0m	D:/vue/vite/gva/gin-vue-admin/server/core/server.go:40	server run success on 	{"address": ":8888"}
[github.com/flipped-aurora/gin-vue-admin/server]2025-05-20 14:17:10.267	[34minfo[0m	D:/vue/vite/gva/gin-vue-admin/server/initialize/gorm.go:84	register table success
[github.com/flipped-aurora/gin-vue-admin/server]2025-05-20 14:17:10.268	[34minfo[0m	D:/vue/vite/gva/gin-vue-admin/server/initialize/router.go:63	register swagger handler
[github.com/flipped-aurora/gin-vue-admin/server]2025-05-20 14:17:10.276	[34minfo[0m	D:/vue/vite/gva/gin-vue-admin/server/initialize/router.go:116	router register success
[github.com/flipped-aurora/gin-vue-admin/server]2025-05-20 14:17:10.277	[34minfo[0m	D:/vue/vite/gva/gin-vue-admin/server/core/server.go:40	server run success on 	{"address": ":8888"}
[github.com/flipped-aurora/gin-vue-admin/server]2025-05-20 14:19:08.549	[34minfo[0m	D:/vue/vite/gva/gin-vue-admin/server/initialize/gorm.go:84	register table success
[github.com/flipped-aurora/gin-vue-admin/server]2025-05-20 14:19:08.551	[34minfo[0m	D:/vue/vite/gva/gin-vue-admin/server/initialize/router.go:63	register swagger handler
[github.com/flipped-aurora/gin-vue-admin/server]2025-05-20 14:19:08.560	[34minfo[0m	D:/vue/vite/gva/gin-vue-admin/server/initialize/router.go:116	router register success
[github.com/flipped-aurora/gin-vue-admin/server]2025-05-20 14:19:08.560	[34minfo[0m	D:/vue/vite/gva/gin-vue-admin/server/core/server.go:40	server run success on 	{"address": ":8888"}
[github.com/flipped-aurora/gin-vue-admin/server]2025-05-20 14:24:40.663	[34minfo[0m	D:/vue/vite/gva/gin-vue-admin/server/initialize/gorm.go:84	register table success
[github.com/flipped-aurora/gin-vue-admin/server]2025-05-20 14:24:40.664	[34minfo[0m	D:/vue/vite/gva/gin-vue-admin/server/initialize/router.go:63	register swagger handler
[github.com/flipped-aurora/gin-vue-admin/server]2025-05-20 14:24:40.672	[34minfo[0m	D:/vue/vite/gva/gin-vue-admin/server/initialize/router.go:116	router register success
[github.com/flipped-aurora/gin-vue-admin/server]2025-05-20 14:24:40.672	[34minfo[0m	D:/vue/vite/gva/gin-vue-admin/server/core/server.go:40	server run success on 	{"address": ":8888"}
[github.com/flipped-aurora/gin-vue-admin/server]2025-05-20 14:27:36.926	[34minfo[0m	D:/vue/vite/gva/gin-vue-admin/server/initialize/gorm.go:84	register table success
[github.com/flipped-aurora/gin-vue-admin/server]2025-05-20 14:27:36.928	[34minfo[0m	D:/vue/vite/gva/gin-vue-admin/server/initialize/router.go:63	register swagger handler
[github.com/flipped-aurora/gin-vue-admin/server]2025-05-20 14:27:36.938	[34minfo[0m	D:/vue/vite/gva/gin-vue-admin/server/initialize/router.go:116	router register success
[github.com/flipped-aurora/gin-vue-admin/server]2025-05-20 14:27:36.939	[34minfo[0m	D:/vue/vite/gva/gin-vue-admin/server/core/server.go:40	server run success on 	{"address": ":8888"}
[github.com/flipped-aurora/gin-vue-admin/server]2025-05-20 14:32:01.330	[34minfo[0m	D:/vue/vite/gva/gin-vue-admin/server/initialize/gorm.go:84	register table success
[github.com/flipped-aurora/gin-vue-admin/server]2025-05-20 14:32:01.332	[34minfo[0m	D:/vue/vite/gva/gin-vue-admin/server/initialize/router.go:63	register swagger handler
[github.com/flipped-aurora/gin-vue-admin/server]2025-05-20 14:32:01.340	[34minfo[0m	D:/vue/vite/gva/gin-vue-admin/server/initialize/router.go:116	router register success
[github.com/flipped-aurora/gin-vue-admin/server]2025-05-20 14:32:01.341	[34minfo[0m	D:/vue/vite/gva/gin-vue-admin/server/core/server.go:40	server run success on 	{"address": ":8888"}
[github.com/flipped-aurora/gin-vue-admin/server]2025-05-20 14:33:19.479	[34minfo[0m	D:/vue/vite/gva/gin-vue-admin/server/initialize/gorm.go:84	register table success
[github.com/flipped-aurora/gin-vue-admin/server]2025-05-20 14:33:19.480	[34minfo[0m	D:/vue/vite/gva/gin-vue-admin/server/initialize/router.go:63	register swagger handler
[github.com/flipped-aurora/gin-vue-admin/server]2025-05-20 14:33:19.491	[34minfo[0m	D:/vue/vite/gva/gin-vue-admin/server/initialize/router.go:116	router register success
[github.com/flipped-aurora/gin-vue-admin/server]2025-05-20 14:33:19.491	[34minfo[0m	D:/vue/vite/gva/gin-vue-admin/server/core/server.go:40	server run success on 	{"address": ":8888"}
[github.com/flipped-aurora/gin-vue-admin/server]2025-05-20 14:39:30.074	[34minfo[0m	D:/vue/vite/gva/gin-vue-admin/server/initialize/gorm.go:84	register table success
[github.com/flipped-aurora/gin-vue-admin/server]2025-05-20 14:39:30.075	[34minfo[0m	D:/vue/vite/gva/gin-vue-admin/server/initialize/router.go:63	register swagger handler
[github.com/flipped-aurora/gin-vue-admin/server]2025-05-20 14:39:30.084	[34minfo[0m	D:/vue/vite/gva/gin-vue-admin/server/initialize/router.go:116	router register success
[github.com/flipped-aurora/gin-vue-admin/server]2025-05-20 14:39:30.084	[34minfo[0m	D:/vue/vite/gva/gin-vue-admin/server/core/server.go:40	server run success on 	{"address": ":8888"}
[github.com/flipped-aurora/gin-vue-admin/server]2025-05-20 14:40:59.537	[34minfo[0m	D:/vue/vite/gva/gin-vue-admin/server/initialize/gorm.go:84	register table success
[github.com/flipped-aurora/gin-vue-admin/server]2025-05-20 14:40:59.538	[34minfo[0m	D:/vue/vite/gva/gin-vue-admin/server/initialize/router.go:63	register swagger handler
[github.com/flipped-aurora/gin-vue-admin/server]2025-05-20 14:40:59.548	[34minfo[0m	D:/vue/vite/gva/gin-vue-admin/server/initialize/router.go:116	router register success
[github.com/flipped-aurora/gin-vue-admin/server]2025-05-20 14:40:59.548	[34minfo[0m	D:/vue/vite/gva/gin-vue-admin/server/core/server.go:40	server run success on 	{"address": ":8888"}
[github.com/flipped-aurora/gin-vue-admin/server]2025-05-20 14:51:01.234	[34minfo[0m	D:/vue/vite/gva/gin-vue-admin/server/initialize/gorm.go:84	register table success
[github.com/flipped-aurora/gin-vue-admin/server]2025-05-20 14:51:01.235	[34minfo[0m	D:/vue/vite/gva/gin-vue-admin/server/initialize/router.go:63	register swagger handler
[github.com/flipped-aurora/gin-vue-admin/server]2025-05-20 14:51:01.244	[34minfo[0m	D:/vue/vite/gva/gin-vue-admin/server/initialize/router.go:116	router register success
[github.com/flipped-aurora/gin-vue-admin/server]2025-05-20 14:51:01.245	[34minfo[0m	D:/vue/vite/gva/gin-vue-admin/server/core/server.go:40	server run success on 	{"address": ":8888"}
[github.com/flipped-aurora/gin-vue-admin/server]2025-05-20 14:52:53.262	[34minfo[0m	D:/vue/vite/gva/gin-vue-admin/server/initialize/gorm.go:84	register table success
[github.com/flipped-aurora/gin-vue-admin/server]2025-05-20 14:52:53.263	[34minfo[0m	D:/vue/vite/gva/gin-vue-admin/server/initialize/router.go:63	register swagger handler
[github.com/flipped-aurora/gin-vue-admin/server]2025-05-20 14:52:53.274	[34minfo[0m	D:/vue/vite/gva/gin-vue-admin/server/initialize/router.go:116	router register success
[github.com/flipped-aurora/gin-vue-admin/server]2025-05-20 14:52:53.274	[34minfo[0m	D:/vue/vite/gva/gin-vue-admin/server/core/server.go:40	server run success on 	{"address": ":8888"}
[github.com/flipped-aurora/gin-vue-admin/server]2025-05-20 14:56:33.841	[34minfo[0m	D:/vue/vite/gva/gin-vue-admin/server/initialize/gorm.go:84	register table success
[github.com/flipped-aurora/gin-vue-admin/server]2025-05-20 14:56:33.842	[34minfo[0m	D:/vue/vite/gva/gin-vue-admin/server/initialize/router.go:63	register swagger handler
[github.com/flipped-aurora/gin-vue-admin/server]2025-05-20 14:56:33.850	[34minfo[0m	D:/vue/vite/gva/gin-vue-admin/server/initialize/router.go:116	router register success
[github.com/flipped-aurora/gin-vue-admin/server]2025-05-20 14:56:33.852	[34minfo[0m	D:/vue/vite/gva/gin-vue-admin/server/core/server.go:40	server run success on 	{"address": ":8888"}
[github.com/flipped-aurora/gin-vue-admin/server]2025-05-20 14:58:36.278	[34minfo[0m	D:/vue/vite/gva/gin-vue-admin/server/initialize/gorm.go:84	register table success
[github.com/flipped-aurora/gin-vue-admin/server]2025-05-20 14:58:36.279	[34minfo[0m	D:/vue/vite/gva/gin-vue-admin/server/initialize/router.go:63	register swagger handler
[github.com/flipped-aurora/gin-vue-admin/server]2025-05-20 14:58:36.287	[34minfo[0m	D:/vue/vite/gva/gin-vue-admin/server/initialize/router.go:116	router register success
[github.com/flipped-aurora/gin-vue-admin/server]2025-05-20 14:58:36.288	[34minfo[0m	D:/vue/vite/gva/gin-vue-admin/server/core/server.go:40	server run success on 	{"address": ":8888"}
[github.com/flipped-aurora/gin-vue-admin/server]2025-05-20 15:08:39.341	[34minfo[0m	D:/vue/vite/gva/gin-vue-admin/server/initialize/gorm.go:84	register table success
[github.com/flipped-aurora/gin-vue-admin/server]2025-05-20 15:08:39.342	[34minfo[0m	D:/vue/vite/gva/gin-vue-admin/server/initialize/router.go:63	register swagger handler
[github.com/flipped-aurora/gin-vue-admin/server]2025-05-20 15:08:39.351	[34minfo[0m	D:/vue/vite/gva/gin-vue-admin/server/initialize/router.go:116	router register success
[github.com/flipped-aurora/gin-vue-admin/server]2025-05-20 15:08:39.352	[34minfo[0m	D:/vue/vite/gva/gin-vue-admin/server/core/server.go:40	server run success on 	{"address": ":8888"}
[github.com/flipped-aurora/gin-vue-admin/server]2025-05-20 15:09:43.968	[34minfo[0m	D:/vue/vite/gva/gin-vue-admin/server/initialize/gorm.go:84	register table success
[github.com/flipped-aurora/gin-vue-admin/server]2025-05-20 15:09:43.970	[34minfo[0m	D:/vue/vite/gva/gin-vue-admin/server/initialize/router.go:63	register swagger handler
[github.com/flipped-aurora/gin-vue-admin/server]2025-05-20 15:09:43.981	[34minfo[0m	D:/vue/vite/gva/gin-vue-admin/server/initialize/router.go:116	router register success
[github.com/flipped-aurora/gin-vue-admin/server]2025-05-20 15:09:43.981	[34minfo[0m	D:/vue/vite/gva/gin-vue-admin/server/core/server.go:40	server run success on 	{"address": ":8888"}
[github.com/flipped-aurora/gin-vue-admin/server]2025-05-20 15:12:59.918	[34minfo[0m	D:/vue/vite/gva/gin-vue-admin/server/initialize/gorm.go:84	register table success
[github.com/flipped-aurora/gin-vue-admin/server]2025-05-20 15:12:59.919	[34minfo[0m	D:/vue/vite/gva/gin-vue-admin/server/initialize/router.go:63	register swagger handler
[github.com/flipped-aurora/gin-vue-admin/server]2025-05-20 15:12:59.930	[34minfo[0m	D:/vue/vite/gva/gin-vue-admin/server/initialize/router.go:116	router register success
[github.com/flipped-aurora/gin-vue-admin/server]2025-05-20 15:12:59.930	[34minfo[0m	D:/vue/vite/gva/gin-vue-admin/server/core/server.go:40	server run success on 	{"address": ":8888"}
[github.com/flipped-aurora/gin-vue-admin/server]2025-05-20 15:19:19.707	[34minfo[0m	D:/vue/vite/gva/gin-vue-admin/server/initialize/gorm.go:84	register table success
[github.com/flipped-aurora/gin-vue-admin/server]2025-05-20 15:19:19.708	[34minfo[0m	D:/vue/vite/gva/gin-vue-admin/server/initialize/router.go:63	register swagger handler
[github.com/flipped-aurora/gin-vue-admin/server]2025-05-20 15:19:19.717	[34minfo[0m	D:/vue/vite/gva/gin-vue-admin/server/initialize/router.go:116	router register success
[github.com/flipped-aurora/gin-vue-admin/server]2025-05-20 15:19:19.718	[34minfo[0m	D:/vue/vite/gva/gin-vue-admin/server/core/server.go:40	server run success on 	{"address": ":8888"}
[github.com/flipped-aurora/gin-vue-admin/server]2025-05-20 15:30:50.707	[34minfo[0m	D:/vue/vite/gva/gin-vue-admin/server/initialize/gorm.go:84	register table success
[github.com/flipped-aurora/gin-vue-admin/server]2025-05-20 15:30:50.708	[34minfo[0m	D:/vue/vite/gva/gin-vue-admin/server/initialize/router.go:63	register swagger handler
[github.com/flipped-aurora/gin-vue-admin/server]2025-05-20 15:30:50.715	[34minfo[0m	D:/vue/vite/gva/gin-vue-admin/server/initialize/router.go:116	router register success
[github.com/flipped-aurora/gin-vue-admin/server]2025-05-20 15:30:50.715	[34minfo[0m	D:/vue/vite/gva/gin-vue-admin/server/core/server.go:40	server run success on 	{"address": ":8888"}
[github.com/flipped-aurora/gin-vue-admin/server]2025-05-20 15:32:24.519	[34minfo[0m	D:/vue/vite/gva/gin-vue-admin/server/initialize/gorm.go:84	register table success
[github.com/flipped-aurora/gin-vue-admin/server]2025-05-20 15:32:24.520	[34minfo[0m	D:/vue/vite/gva/gin-vue-admin/server/initialize/router.go:63	register swagger handler
[github.com/flipped-aurora/gin-vue-admin/server]2025-05-20 15:32:24.530	[34minfo[0m	D:/vue/vite/gva/gin-vue-admin/server/initialize/router.go:116	router register success
[github.com/flipped-aurora/gin-vue-admin/server]2025-05-20 15:32:24.530	[34minfo[0m	D:/vue/vite/gva/gin-vue-admin/server/core/server.go:40	server run success on 	{"address": ":8888"}
[github.com/flipped-aurora/gin-vue-admin/server]2025-05-20 20:47:17.880	[34minfo[0m	D:/vue/vite/gva/gin-vue-admin/server/initialize/gorm.go:84	register table success
[github.com/flipped-aurora/gin-vue-admin/server]2025-05-20 20:47:17.882	[34minfo[0m	D:/vue/vite/gva/gin-vue-admin/server/initialize/router.go:63	register swagger handler
[github.com/flipped-aurora/gin-vue-admin/server]2025-05-20 20:47:17.896	[34minfo[0m	D:/vue/vite/gva/gin-vue-admin/server/initialize/router.go:116	router register success
[github.com/flipped-aurora/gin-vue-admin/server]2025-05-20 20:47:17.897	[34minfo[0m	D:/vue/vite/gva/gin-vue-admin/server/core/server.go:40	server run success on 	{"address": ":8888"}
[github.com/flipped-aurora/gin-vue-admin/server]2025-05-20 21:09:07.998	[34minfo[0m	D:/vue/vite/gva/gin-vue-admin/server/api/v1/system/sys_initdb.go:57	æ•°æ®åº“æ— éœ€åˆå§‹åŒ–
[github.com/flipped-aurora/gin-vue-admin/server]2025-05-20 21:09:15.010	[34minfo[0m	D:/vue/vite/gva/gin-vue-admin/server/api/v1/system/sys_initdb.go:57	æ•°æ®åº“æ— éœ€åˆå§‹åŒ–
[github.com/flipped-aurora/gin-vue-admin/server]2025-05-20 21:41:19.699	[34minfo[0m	D:/vue/vite/gva/gin-vue-admin/server/initialize/gorm.go:84	register table success
[github.com/flipped-aurora/gin-vue-admin/server]2025-05-20 21:41:19.700	[34minfo[0m	D:/vue/vite/gva/gin-vue-admin/server/initialize/router.go:63	register swagger handler
[github.com/flipped-aurora/gin-vue-admin/server]2025-05-20 21:41:19.708	[34minfo[0m	D:/vue/vite/gva/gin-vue-admin/server/initialize/router.go:116	router register success
[github.com/flipped-aurora/gin-vue-admin/server]2025-05-20 21:41:19.708	[34minfo[0m	D:/vue/vite/gva/gin-vue-admin/server/core/server.go:40	server run success on 	{"address": ":8888"}
[github.com/flipped-aurora/gin-vue-admin/server]2025-05-20 22:30:06.752	[34minfo[0m	D:/vue/vite/gva/gin-vue-admin/server/initialize/gorm.go:84	register table success
[github.com/flipped-aurora/gin-vue-admin/server]2025-05-20 22:30:06.753	[34minfo[0m	D:/vue/vite/gva/gin-vue-admin/server/initialize/router.go:63	register swagger handler
[github.com/flipped-aurora/gin-vue-admin/server]2025-05-20 22:30:06.762	[34minfo[0m	D:/vue/vite/gva/gin-vue-admin/server/initialize/router.go:116	router register success
[github.com/flipped-aurora/gin-vue-admin/server]2025-05-20 22:30:06.763	[34minfo[0m	D:/vue/vite/gva/gin-vue-admin/server/core/server.go:40	server run success on 	{"address": ":8888"}
[github.com/flipped-aurora/gin-vue-admin/server]2025-05-20 22:40:12.728	[34minfo[0m	D:/vue/vite/gva/gin-vue-admin/server/initialize/gorm.go:84	register table success
[github.com/flipped-aurora/gin-vue-admin/server]2025-05-20 22:40:12.730	[34minfo[0m	D:/vue/vite/gva/gin-vue-admin/server/initialize/router.go:63	register swagger handler
[github.com/flipped-aurora/gin-vue-admin/server]2025-05-20 22:40:12.738	[34minfo[0m	D:/vue/vite/gva/gin-vue-admin/server/initialize/router.go:116	router register success
[github.com/flipped-aurora/gin-vue-admin/server]2025-05-20 22:40:12.739	[34minfo[0m	D:/vue/vite/gva/gin-vue-admin/server/core/server.go:40	server run success on 	{"address": ":8888"}
[github.com/flipped-aurora/gin-vue-admin/server]2025-05-20 23:11:58.312	[34minfo[0m	D:/vue/vite/gva/gin-vue-admin/server/initialize/gorm.go:84	register table success
[github.com/flipped-aurora/gin-vue-admin/server]2025-05-20 23:11:58.313	[34minfo[0m	D:/vue/vite/gva/gin-vue-admin/server/initialize/router.go:63	register swagger handler
[github.com/flipped-aurora/gin-vue-admin/server]2025-05-20 23:11:58.322	[34minfo[0m	D:/vue/vite/gva/gin-vue-admin/server/initialize/router.go:116	router register success
[github.com/flipped-aurora/gin-vue-admin/server]2025-05-20 23:11:58.323	[34minfo[0m	D:/vue/vite/gva/gin-vue-admin/server/core/server.go:40	server run success on 	{"address": ":8888"}
[github.com/flipped-aurora/gin-vue-admin/server]2025-05-20 23:19:06.997	[34minfo[0m	D:/vue/vite/gva/gin-vue-admin/server/initialize/gorm.go:84	register table success
[github.com/flipped-aurora/gin-vue-admin/server]2025-05-20 23:19:06.999	[34minfo[0m	D:/vue/vite/gva/gin-vue-admin/server/initialize/router.go:63	register swagger handler
[github.com/flipped-aurora/gin-vue-admin/server]2025-05-20 23:19:07.010	[34minfo[0m	D:/vue/vite/gva/gin-vue-admin/server/initialize/router.go:116	router register success
[github.com/flipped-aurora/gin-vue-admin/server]2025-05-20 23:19:07.011	[34minfo[0m	D:/vue/vite/gva/gin-vue-admin/server/core/server.go:40	server run success on 	{"address": ":8888"}
